2024-01-22 22:22:13,290 INFO io.kolcefer.BackstersBot.BackstersBotApplication [main] Starting BackstersBotApplication using Java 11.0.2 on MacBook-Pro-Eduard.local with PID 7057 (/Users/code/BackstersBot/target/classes started by code in /Users/code/BackstersBot)
2024-01-22 22:22:13,292 INFO io.kolcefer.BackstersBot.BackstersBotApplication [main] No active profile set, falling back to 1 default profile: "default"
2024-01-22 22:22:14,893 INFO io.kolcefer.BackstersBot.BackstersBotApplication [main] Started BackstersBotApplication in 1.881 seconds (JVM running for 7.516)
2024-01-22 22:25:38,648 INFO io.kolcefer.BackstersBot.service.TelegramBot [BackstersBot Telegram Executor] Replied to user Эдуард
2024-01-23 21:09:07,301 INFO io.kolcefer.BackstersBot.BackstersBotApplication [main] Starting BackstersBotApplication using Java 11.0.2 on MacBook-Pro-Eduard.local with PID 28230 (/Users/code/BackstersBot/target/classes started by code in /Users/code/BackstersBot)
2024-01-23 21:09:07,305 INFO io.kolcefer.BackstersBot.BackstersBotApplication [main] No active profile set, falling back to 1 default profile: "default"
2024-01-23 21:09:09,007 INFO io.kolcefer.BackstersBot.BackstersBotApplication [main] Started BackstersBotApplication in 2.007 seconds (JVM running for 7.783)
2024-01-23 21:15:29,431 INFO io.kolcefer.BackstersBot.BackstersBotApplication [main] Starting BackstersBotApplication using Java 11.0.2 on MacBook-Pro-Eduard.local with PID 28297 (/Users/code/BackstersBot/target/classes started by code in /Users/code/BackstersBot)
2024-01-23 21:15:29,433 INFO io.kolcefer.BackstersBot.BackstersBotApplication [main] No active profile set, falling back to 1 default profile: "default"
2024-01-23 21:15:31,177 INFO io.kolcefer.BackstersBot.BackstersBotApplication [main] Started BackstersBotApplication in 2.053 seconds (JVM running for 7.952)
2024-01-23 21:19:10,847 INFO io.kolcefer.BackstersBot.BackstersBotApplication [main] Starting BackstersBotApplication using Java 11.0.2 on MacBook-Pro-Eduard.local with PID 28330 (/Users/code/BackstersBot/target/classes started by code in /Users/code/BackstersBot)
2024-01-23 21:19:10,850 INFO io.kolcefer.BackstersBot.BackstersBotApplication [main] No active profile set, falling back to 1 default profile: "default"
2024-01-23 21:19:12,273 INFO io.kolcefer.BackstersBot.BackstersBotApplication [main] Started BackstersBotApplication in 1.741 seconds (JVM running for 7.393)
2024-01-23 21:32:27,724 INFO io.kolcefer.BackstersBot.BackstersBotApplication [main] Starting BackstersBotApplication using Java 11.0.2 on MacBook-Pro-Eduard.local with PID 28495 (/Users/code/BackstersBot/target/classes started by code in /Users/code/BackstersBot)
2024-01-23 21:32:27,726 INFO io.kolcefer.BackstersBot.BackstersBotApplication [main] No active profile set, falling back to 1 default profile: "default"
2024-01-23 21:32:29,245 INFO io.kolcefer.BackstersBot.BackstersBotApplication [main] Started BackstersBotApplication in 1.834 seconds (JVM running for 7.652)
2024-01-24 20:12:08,728 INFO org.springframework.boot.test.context.SpringBootTestContextBootstrapper [main] Neither @ContextConfiguration nor @ContextHierarchy found for test class [io.kolcefer.BackstersBot.BackstersBotApplicationTests], using SpringBootContextLoader
2024-01-24 20:12:08,738 INFO org.springframework.test.context.support.AbstractContextLoader [main] Could not detect default resource locations for test class [io.kolcefer.BackstersBot.BackstersBotApplicationTests]: no resource found for suffixes {-context.xml, Context.groovy}.
2024-01-24 20:12:08,738 INFO org.springframework.test.context.support.AnnotationConfigContextLoaderUtils [main] Could not detect default configuration classes for test class [io.kolcefer.BackstersBot.BackstersBotApplicationTests]: BackstersBotApplicationTests does not declare any static, non-private, non-final, nested classes annotated with @Configuration.
2024-01-24 20:12:08,836 INFO org.springframework.boot.test.context.SpringBootTestContextBootstrapper [main] Found @SpringBootConfiguration io.kolcefer.BackstersBot.BackstersBotApplication for test class io.kolcefer.BackstersBot.BackstersBotApplicationTests
2024-01-24 20:12:08,920 INFO org.springframework.boot.test.context.SpringBootTestContextBootstrapper [main] Loaded default TestExecutionListener class names from location [META-INF/spring.factories]: [org.springframework.boot.test.mock.mockito.MockitoTestExecutionListener, org.springframework.boot.test.mock.mockito.ResetMocksTestExecutionListener, org.springframework.boot.test.autoconfigure.restdocs.RestDocsTestExecutionListener, org.springframework.boot.test.autoconfigure.web.client.MockRestServiceServerResetTestExecutionListener, org.springframework.boot.test.autoconfigure.web.servlet.MockMvcPrintOnlyOnFailureTestExecutionListener, org.springframework.boot.test.autoconfigure.web.servlet.WebDriverTestExecutionListener, org.springframework.boot.test.autoconfigure.webservices.client.MockWebServiceServerTestExecutionListener, org.springframework.test.context.web.ServletTestExecutionListener, org.springframework.test.context.support.DirtiesContextBeforeModesTestExecutionListener, org.springframework.test.context.event.ApplicationEventsTestExecutionListener, org.springframework.test.context.support.DependencyInjectionTestExecutionListener, org.springframework.test.context.support.DirtiesContextTestExecutionListener, org.springframework.test.context.transaction.TransactionalTestExecutionListener, org.springframework.test.context.jdbc.SqlScriptsTestExecutionListener, org.springframework.test.context.event.EventPublishingTestExecutionListener]
2024-01-24 20:12:08,929 INFO org.springframework.boot.test.context.SpringBootTestContextBootstrapper [main] Using TestExecutionListeners: [org.springframework.test.context.support.DirtiesContextBeforeModesTestExecutionListener@33308786, org.springframework.test.context.event.ApplicationEventsTestExecutionListener@4f9a2c08, org.springframework.boot.test.mock.mockito.MockitoTestExecutionListener@a87f8ec, org.springframework.boot.test.autoconfigure.SpringBootDependencyInjectionTestExecutionListener@5443d039, org.springframework.test.context.support.DirtiesContextTestExecutionListener@63787180, org.springframework.test.context.event.EventPublishingTestExecutionListener@7d1cfb8b, org.springframework.boot.test.mock.mockito.ResetMocksTestExecutionListener@48e92c5c, org.springframework.boot.test.autoconfigure.restdocs.RestDocsTestExecutionListener@2e1ef60, org.springframework.boot.test.autoconfigure.web.client.MockRestServiceServerResetTestExecutionListener@22356acd, org.springframework.boot.test.autoconfigure.web.servlet.MockMvcPrintOnlyOnFailureTestExecutionListener@386f0da3, org.springframework.boot.test.autoconfigure.web.servlet.WebDriverTestExecutionListener@39655d3e, org.springframework.boot.test.autoconfigure.webservices.client.MockWebServiceServerTestExecutionListener@34f22f9d]
2024-01-24 20:12:14,258 WARN org.springframework.boot.test.json.DuplicateJsonObjectContextCustomizerFactory$DuplicateJsonObjectContextCustomizer [main] 

Found multiple occurrences of org.json.JSONObject on the class path:

	jar:file:/Users/code/.m2/repository/org/json/json/20180813/json-20180813.jar!/org/json/JSONObject.class
	jar:file:/Users/code/.m2/repository/com/vaadin/external/google/android-json/0.0.20131108.vaadin1/android-json-0.0.20131108.vaadin1.jar!/org/json/JSONObject.class

You may wish to exclude one of them to ensure predictable runtime behavior

2024-01-24 20:12:14,273 INFO io.kolcefer.BackstersBot.BackstersBotApplicationTests [main] Starting BackstersBotApplicationTests using Java 21.0.1 on MacBook-Pro-Eduard.local with PID 41073 (started by code in /Users/code/BackstersBot)
2024-01-24 20:12:14,274 INFO io.kolcefer.BackstersBot.BackstersBotApplicationTests [main] No active profile set, falling back to 1 default profile: "default"
2024-01-24 20:12:15,892 INFO io.kolcefer.BackstersBot.BackstersBotApplicationTests [main] Started BackstersBotApplicationTests in 6.88 seconds (JVM running for 7.958)
2024-02-13 17:08:44,284 INFO io.kolcefer.BackstersBot.BackstersBotApplication [main] Starting BackstersBotApplication using Java 11.0.22 on WIN-FC0F682E6N6 with PID 2204 (C:\Users\user\Desktop\BackstersBot\target\classes started by user in C:\Users\user\Desktop\BackstersBot)
2024-02-13 17:08:44,284 INFO io.kolcefer.BackstersBot.BackstersBotApplication [main] No active profile set, falling back to 1 default profile: "default"
2024-02-13 17:08:46,081 INFO io.kolcefer.BackstersBot.BackstersBotApplication [main] Started BackstersBotApplication in 2.261 seconds (JVM running for 3.461)
2024-02-13 17:12:58,522 INFO io.kolcefer.BackstersBot.BackstersBotApplication [main] Starting BackstersBotApplication using Java 11.0.22 on WIN-FC0F682E6N6 with PID 4524 (C:\Users\user\Desktop\BackstersBot\target\classes started by user in C:\Users\user\Desktop\BackstersBot)
2024-02-13 17:12:58,522 INFO io.kolcefer.BackstersBot.BackstersBotApplication [main] No active profile set, falling back to 1 default profile: "default"
2024-02-13 17:13:00,363 INFO io.kolcefer.BackstersBot.BackstersBotApplication [main] Started BackstersBotApplication in 2.235 seconds (JVM running for 3.668)
2024-02-13 17:14:28,049 INFO io.kolcefer.BackstersBot.BackstersBotApplication [main] Starting BackstersBotApplication using Java 11.0.22 on WIN-FC0F682E6N6 with PID 2744 (C:\Users\user\Desktop\BackstersBot\target\classes started by user in C:\Users\user\Desktop\BackstersBot)
2024-02-13 17:14:28,049 INFO io.kolcefer.BackstersBot.BackstersBotApplication [main] No active profile set, falling back to 1 default profile: "default"
2024-02-13 17:14:29,836 INFO io.kolcefer.BackstersBot.BackstersBotApplication [main] Started BackstersBotApplication in 2.21 seconds (JVM running for 3.663)
2024-02-13 17:21:26,342 INFO io.kolcefer.BackstersBot.BackstersBotApplication [main] Starting BackstersBotApplication using Java 11.0.22 on WIN-FC0F682E6N6 with PID 5988 (C:\Users\user\Desktop\BackstersBot\target\classes started by user in C:\Users\user\Desktop\BackstersBot)
2024-02-13 17:21:26,358 INFO io.kolcefer.BackstersBot.BackstersBotApplication [main] No active profile set, falling back to 1 default profile: "default"
2024-02-13 17:21:28,577 INFO io.kolcefer.BackstersBot.BackstersBotApplication [main] Started BackstersBotApplication in 2.617 seconds (JVM running for 3.977)
2024-02-13 17:43:37,306 INFO io.kolcefer.BackstersBot.BackstersBotApplication [main] Starting BackstersBotApplication using Java 11.0.22 on WIN-FC0F682E6N6 with PID 1972 (C:\Users\user\Desktop\BackstersBot\target\classes started by user in C:\Users\user\Desktop\BackstersBot)
2024-02-13 17:43:37,306 INFO io.kolcefer.BackstersBot.BackstersBotApplication [main] No active profile set, falling back to 1 default profile: "default"
2024-02-13 17:43:54,087 INFO io.kolcefer.BackstersBot.BackstersBotApplication [main] Started BackstersBotApplication in 17.191 seconds (JVM running for 18.444)
2024-02-13 17:44:00,240 ERROR org.telegram.telegrambots.updatesreceivers.DefaultBotSession [BackstersBot Telegram Executor] text is marked non-null but is null
java.lang.NullPointerException: text is marked non-null but is null
	at org.telegram.telegrambots.meta.api.methods.send.SendMessage.setText(SendMessage.java:35)
	at io.kolcefer.BackstersBot.service.TelegramBot.sendMessage(TelegramBot.java:67)
	at io.kolcefer.BackstersBot.service.TelegramBot.onUpdateReceived(TelegramBot.java:46)
	at java.base/java.util.ArrayList.forEach(ArrayList.java:1541)
	at org.telegram.telegrambots.meta.generics.LongPollingBot.onUpdatesReceived(LongPollingBot.java:27)
	at org.telegram.telegrambots.updatesreceivers.DefaultBotSession$HandlerThread.run(DefaultBotSession.java:317)
2024-02-13 17:44:25,457 ERROR org.telegram.telegrambots.updatesreceivers.DefaultBotSession [BackstersBot Telegram Executor] text is marked non-null but is null
java.lang.NullPointerException: text is marked non-null but is null
	at org.telegram.telegrambots.meta.api.methods.send.SendMessage.setText(SendMessage.java:35)
	at io.kolcefer.BackstersBot.service.TelegramBot.sendMessage(TelegramBot.java:67)
	at io.kolcefer.BackstersBot.service.TelegramBot.onUpdateReceived(TelegramBot.java:46)
	at java.base/java.util.ArrayList.forEach(ArrayList.java:1541)
	at org.telegram.telegrambots.meta.generics.LongPollingBot.onUpdatesReceived(LongPollingBot.java:27)
	at org.telegram.telegrambots.updatesreceivers.DefaultBotSession$HandlerThread.run(DefaultBotSession.java:317)
2024-02-13 17:45:36,756 INFO io.kolcefer.BackstersBot.BackstersBotApplication [main] Starting BackstersBotApplication using Java 11.0.22 on WIN-FC0F682E6N6 with PID 4404 (C:\Users\user\Desktop\BackstersBot\target\classes started by user in C:\Users\user\Desktop\BackstersBot)
2024-02-13 17:45:36,756 INFO io.kolcefer.BackstersBot.BackstersBotApplication [main] No active profile set, falling back to 1 default profile: "default"
2024-02-13 17:45:38,523 INFO io.kolcefer.BackstersBot.BackstersBotApplication [main] Started BackstersBotApplication in 2.188 seconds (JVM running for 3.355)
2024-02-13 17:45:45,548 ERROR org.telegram.telegrambots.updatesreceivers.DefaultBotSession [BackstersBot Telegram Executor] text is marked non-null but is null
java.lang.NullPointerException: text is marked non-null but is null
	at org.telegram.telegrambots.meta.api.methods.send.SendMessage.setText(SendMessage.java:35)
	at io.kolcefer.BackstersBot.service.TelegramBot.sendMessage(TelegramBot.java:67)
	at io.kolcefer.BackstersBot.service.TelegramBot.onUpdateReceived(TelegramBot.java:46)
	at java.base/java.util.ArrayList.forEach(ArrayList.java:1541)
	at org.telegram.telegrambots.meta.generics.LongPollingBot.onUpdatesReceived(LongPollingBot.java:27)
	at org.telegram.telegrambots.updatesreceivers.DefaultBotSession$HandlerThread.run(DefaultBotSession.java:317)
2024-02-13 17:46:55,039 INFO io.kolcefer.BackstersBot.BackstersBotApplication [main] Starting BackstersBotApplication using Java 11.0.22 on WIN-FC0F682E6N6 with PID 2224 (C:\Users\user\Desktop\BackstersBot\target\classes started by user in C:\Users\user\Desktop\BackstersBot)
2024-02-13 17:46:55,039 INFO io.kolcefer.BackstersBot.BackstersBotApplication [main] No active profile set, falling back to 1 default profile: "default"
2024-02-13 17:46:56,873 INFO io.kolcefer.BackstersBot.BackstersBotApplication [main] Started BackstersBotApplication in 2.281 seconds (JVM running for 3.439)
2024-02-13 17:47:01,445 ERROR org.telegram.telegrambots.updatesreceivers.DefaultBotSession [BackstersBot Telegram Executor] text is marked non-null but is null
java.lang.NullPointerException: text is marked non-null but is null
	at org.telegram.telegrambots.meta.api.methods.send.SendMessage.setText(SendMessage.java:35)
	at io.kolcefer.BackstersBot.service.TelegramBot.sendMessage(TelegramBot.java:67)
	at io.kolcefer.BackstersBot.service.TelegramBot.onUpdateReceived(TelegramBot.java:46)
	at java.base/java.util.ArrayList.forEach(ArrayList.java:1541)
	at org.telegram.telegrambots.meta.generics.LongPollingBot.onUpdatesReceived(LongPollingBot.java:27)
	at org.telegram.telegrambots.updatesreceivers.DefaultBotSession$HandlerThread.run(DefaultBotSession.java:317)
2024-02-13 17:48:52,706 INFO io.kolcefer.BackstersBot.BackstersBotApplication [main] Starting BackstersBotApplication using Java 11.0.22 on WIN-FC0F682E6N6 with PID 9156 (C:\Users\user\Desktop\BackstersBot\target\classes started by user in C:\Users\user\Desktop\BackstersBot)
2024-02-13 17:48:52,706 INFO io.kolcefer.BackstersBot.BackstersBotApplication [main] No active profile set, falling back to 1 default profile: "default"
2024-02-13 17:49:09,544 INFO io.kolcefer.BackstersBot.BackstersBotApplication [main] Started BackstersBotApplication in 17.232 seconds (JVM running for 18.43)
2024-02-13 17:49:13,670 ERROR org.telegram.telegrambots.updatesreceivers.DefaultBotSession [BackstersBot Telegram Executor] text is marked non-null but is null
java.lang.NullPointerException: text is marked non-null but is null
	at org.telegram.telegrambots.meta.api.methods.send.SendMessage.setText(SendMessage.java:35)
	at io.kolcefer.BackstersBot.service.TelegramBot.sendMessage(TelegramBot.java:67)
	at io.kolcefer.BackstersBot.service.TelegramBot.onUpdateReceived(TelegramBot.java:46)
	at java.base/java.util.ArrayList.forEach(ArrayList.java:1541)
	at org.telegram.telegrambots.meta.generics.LongPollingBot.onUpdatesReceived(LongPollingBot.java:27)
	at org.telegram.telegrambots.updatesreceivers.DefaultBotSession$HandlerThread.run(DefaultBotSession.java:317)
2024-02-13 17:51:37,839 INFO io.kolcefer.BackstersBot.BackstersBotApplication [main] Starting BackstersBotApplication using Java 11.0.22 on WIN-FC0F682E6N6 with PID 3784 (C:\Users\user\Desktop\BackstersBot\target\classes started by user in C:\Users\user\Desktop\BackstersBot)
2024-02-13 17:51:37,855 INFO io.kolcefer.BackstersBot.BackstersBotApplication [main] No active profile set, falling back to 1 default profile: "default"
2024-02-13 17:51:39,787 INFO io.kolcefer.BackstersBot.BackstersBotApplication [main] Started BackstersBotApplication in 2.347 seconds (JVM running for 3.6)
2024-02-13 17:51:53,123 ERROR org.telegram.telegrambots.updatesreceivers.DefaultBotSession [BackstersBot Telegram Executor] text is marked non-null but is null
java.lang.NullPointerException: text is marked non-null but is null
	at org.telegram.telegrambots.meta.api.methods.send.SendMessage.setText(SendMessage.java:35)
	at io.kolcefer.BackstersBot.service.TelegramBot.sendMessage(TelegramBot.java:67)
	at io.kolcefer.BackstersBot.service.TelegramBot.onUpdateReceived(TelegramBot.java:46)
	at java.base/java.util.ArrayList.forEach(ArrayList.java:1541)
	at org.telegram.telegrambots.meta.generics.LongPollingBot.onUpdatesReceived(LongPollingBot.java:27)
	at org.telegram.telegrambots.updatesreceivers.DefaultBotSession$HandlerThread.run(DefaultBotSession.java:317)
2024-02-13 17:54:14,889 INFO io.kolcefer.BackstersBot.BackstersBotApplication [main] Starting BackstersBotApplication using Java 11.0.22 on WIN-FC0F682E6N6 with PID 4448 (C:\Users\user\Desktop\BackstersBot\target\classes started by user in C:\Users\user\Desktop\BackstersBot)
2024-02-13 17:54:14,889 INFO io.kolcefer.BackstersBot.BackstersBotApplication [main] No active profile set, falling back to 1 default profile: "default"
2024-02-13 17:54:16,706 INFO io.kolcefer.BackstersBot.BackstersBotApplication [main] Started BackstersBotApplication in 2.226 seconds (JVM running for 3.447)
2024-02-13 18:03:57,670 INFO io.kolcefer.BackstersBot.BackstersBotApplication [main] Starting BackstersBotApplication using Java 11.0.22 on WIN-FC0F682E6N6 with PID 8392 (C:\Users\user\Desktop\BackstersBot\target\classes started by user in C:\Users\user\Desktop\BackstersBot)
2024-02-13 18:03:57,675 INFO io.kolcefer.BackstersBot.BackstersBotApplication [main] No active profile set, falling back to 1 default profile: "default"
2024-02-13 18:03:59,471 INFO io.kolcefer.BackstersBot.BackstersBotApplication [main] Started BackstersBotApplication in 2.234 seconds (JVM running for 3.592)
2024-02-13 18:10:57,354 INFO io.kolcefer.BackstersBot.BackstersBotApplication [main] Starting BackstersBotApplication using Java 11.0.22 on WIN-FC0F682E6N6 with PID 5100 (C:\Users\user\Desktop\BackstersBot\target\classes started by user in C:\Users\user\Desktop\BackstersBot)
2024-02-13 18:10:57,354 INFO io.kolcefer.BackstersBot.BackstersBotApplication [main] No active profile set, falling back to 1 default profile: "default"
2024-02-13 18:10:59,054 INFO io.kolcefer.BackstersBot.BackstersBotApplication [main] Started BackstersBotApplication in 2.125 seconds (JVM running for 3.291)
2024-02-13 18:14:21,237 INFO io.kolcefer.BackstersBot.BackstersBotApplication [main] Starting BackstersBotApplication using Java 11.0.22 on WIN-FC0F682E6N6 with PID 2016 (C:\Users\user\Desktop\BackstersBot\target\classes started by user in C:\Users\user\Desktop\BackstersBot)
2024-02-13 18:14:21,237 INFO io.kolcefer.BackstersBot.BackstersBotApplication [main] No active profile set, falling back to 1 default profile: "default"
2024-02-13 18:14:23,137 INFO io.kolcefer.BackstersBot.BackstersBotApplication [main] Started BackstersBotApplication in 2.271 seconds (JVM running for 4.007)
2024-02-13 18:17:28,370 INFO io.kolcefer.BackstersBot.BackstersBotApplication [main] Starting BackstersBotApplication using Java 11.0.22 on WIN-FC0F682E6N6 with PID 4524 (C:\Users\user\Desktop\BackstersBot\target\classes started by user in C:\Users\user\Desktop\BackstersBot)
2024-02-13 18:17:28,370 INFO io.kolcefer.BackstersBot.BackstersBotApplication [main] No active profile set, falling back to 1 default profile: "default"
2024-02-13 18:17:30,786 INFO io.kolcefer.BackstersBot.BackstersBotApplication [main] Started BackstersBotApplication in 2.807 seconds (JVM running for 4.018)
2024-02-13 18:19:24,785 INFO io.kolcefer.BackstersBot.BackstersBotApplication [main] Starting BackstersBotApplication using Java 11.0.22 on WIN-FC0F682E6N6 with PID 8976 (C:\Users\user\Desktop\BackstersBot\target\classes started by user in C:\Users\user\Desktop\BackstersBot)
2024-02-13 18:19:24,785 INFO io.kolcefer.BackstersBot.BackstersBotApplication [main] No active profile set, falling back to 1 default profile: "default"
2024-02-13 18:19:26,569 INFO io.kolcefer.BackstersBot.BackstersBotApplication [main] Started BackstersBotApplication in 2.19 seconds (JVM running for 3.311)
